<?xml version="1.0" encoding="UTF-8"?>
<robot generator="Robot 3.1.2 (Python 3.7.2 on win32)" generated="20200312 14:13:18.475" rpa="false">
<suite id="s1" name="Test" source="C:\Users\tmahmoud\git\Test\test">
<suite id="s1-s1" name="FlightApplication" source="C:\Users\tmahmoud\git\Test\test\FlightApplication.robot">
<test id="s1-s1-t1" name="Testcase1">
<kw name="Log" library="BuiltIn">
<doc>Logs the given message with the given level.</doc>
<arguments>
<arg>this is the first test case</arg>
</arguments>
<msg timestamp="20200312 14:13:19.870" level="INFO">this is the first test case</msg>
<status status="PASS" starttime="20200312 14:13:19.870" endtime="20200312 14:13:19.871"></status>
</kw>
<kw name="Close Browser" library="SeleniumLibrary" type="teardown">
<doc>Closes the current browser.</doc>
<status status="PASS" starttime="20200312 14:13:19.871" endtime="20200312 14:13:19.872"></status>
</kw>
<status status="PASS" starttime="20200312 14:13:19.868" endtime="20200312 14:13:19.872" critical="yes"></status>
</test>
<status status="PASS" starttime="20200312 14:13:18.638" endtime="20200312 14:13:19.874"></status>
</suite>
<status status="PASS" starttime="20200312 14:13:18.543" endtime="20200312 14:13:19.876"></status>
</suite>
<statistics>
<total>
<stat pass="1" fail="0">Critical Tests</stat>
<stat pass="1" fail="0">All Tests</stat>
</total>
<tag>
</tag>
<suite>
<stat pass="1" fail="0" id="s1" name="Test">Test</stat>
<stat pass="1" fail="0" id="s1-s1" name="FlightApplication">Test.FlightApplication</stat>
</suite>
</statistics>
<errors>
</errors>
</robot>
