<?xml version="1.0" encoding="UTF-8"?>
<robot generator="Robot 3.1.2 (Python 3.7.2 on win32)" generated="20200315 11:52:21.802" rpa="false">
<suite id="s1" name="Test" source="C:\Users\tmahmoud\git\Test\test">
<suite id="s1-s1" name="FlightApplication" source="C:\Users\tmahmoud\git\Test\test\FlightApplication.robot">
<test id="s1-s1-t1" name="Testcase1">
<kw name="Open Browser" library="SeleniumLibrary">
<doc>Opens a new browser instance to the given ``url``.</doc>
<arguments>
<arg>http://www.google.com</arg>
<arg>chrome</arg>
</arguments>
<msg timestamp="20200315 11:52:24.989" level="INFO">Opening browser 'chrome' to base url 'http://www.google.com'.</msg>
<status status="PASS" starttime="20200315 11:52:24.987" endtime="20200315 11:52:32.765"></status>
</kw>
<kw name="Close Browser" library="SeleniumLibrary" type="teardown">
<doc>Closes the current browser.</doc>
<status status="PASS" starttime="20200315 11:52:32.767" endtime="20200315 11:52:44.206"></status>
</kw>
<status status="PASS" starttime="20200315 11:52:24.985" endtime="20200315 11:52:44.207" critical="yes"></status>
</test>
<status status="PASS" starttime="20200315 11:52:22.193" endtime="20200315 11:52:44.209"></status>
</suite>
<status status="PASS" starttime="20200315 11:52:22.093" endtime="20200315 11:52:44.215"></status>
</suite>
<statistics>
<total>
<stat pass="1" fail="0">Critical Tests</stat>
<stat pass="1" fail="0">All Tests</stat>
</total>
<tag>
</tag>
<suite>
<stat pass="1" fail="0" id="s1" name="Test">Test</stat>
<stat pass="1" fail="0" id="s1-s1" name="FlightApplication">Test.FlightApplication</stat>
</suite>
</statistics>
<errors>
</errors>
</robot>
