<?xml version="1.0" encoding="UTF-8"?>
<robot generator="Robot 3.1.2 (Python 3.7.2 on win32)" generated="20200314 23:39:30.390" rpa="false">
<suite id="s1" name="FlightApplication" source="C:\Users\tmahmoud\git\Test\test\FlightApplication.robot">
<test id="s1-t1" name="Testcase1">
<kw name="Log" library="BuiltIn">
<doc>Logs the given message with the given level.</doc>
<arguments>
<arg>this is the first test case1</arg>
</arguments>
<msg timestamp="20200314 23:39:30.927" level="INFO">this is the first test case1</msg>
<status status="PASS" starttime="20200314 23:39:30.926" endtime="20200314 23:39:30.927"></status>
</kw>
<kw name="Close Browser" library="SeleniumLibrary" type="teardown">
<doc>Closes the current browser.</doc>
<status status="PASS" starttime="20200314 23:39:30.927" endtime="20200314 23:39:30.927"></status>
</kw>
<status status="PASS" starttime="20200314 23:39:30.925" endtime="20200314 23:39:30.927" critical="yes"></status>
</test>
<test id="s1-t2" name="Testcases2">
<kw name="Log" library="BuiltIn">
<doc>Logs the given message with the given level.</doc>
<arguments>
<arg>this is the second test case2</arg>
</arguments>
<msg timestamp="20200314 23:39:30.929" level="INFO">this is the second test case2</msg>
<status status="PASS" starttime="20200314 23:39:30.929" endtime="20200314 23:39:30.930"></status>
</kw>
<kw name="Close Browser" library="SeleniumLibrary" type="teardown">
<doc>Closes the current browser.</doc>
<status status="PASS" starttime="20200314 23:39:30.930" endtime="20200314 23:39:30.930"></status>
</kw>
<tags>
<tag>mytag</tag>
</tags>
<status status="PASS" starttime="20200314 23:39:30.928" endtime="20200314 23:39:30.930" critical="yes"></status>
</test>
<test id="s1-t3" name="Testcase3">
<kw name="Log" library="BuiltIn">
<doc>Logs the given message with the given level.</doc>
<arguments>
<arg>this is the third testcase</arg>
</arguments>
<msg timestamp="20200314 23:39:30.932" level="INFO">this is the third testcase</msg>
<status status="PASS" starttime="20200314 23:39:30.932" endtime="20200314 23:39:30.933"></status>
</kw>
<kw name="Close Browser" library="SeleniumLibrary" type="teardown">
<doc>Closes the current browser.</doc>
<status status="PASS" starttime="20200314 23:39:30.933" endtime="20200314 23:39:30.933"></status>
</kw>
<status status="PASS" starttime="20200314 23:39:30.931" endtime="20200314 23:39:30.933" critical="yes"></status>
</test>
<status status="PASS" starttime="20200314 23:39:30.395" endtime="20200314 23:39:30.934"></status>
</suite>
<statistics>
<total>
<stat pass="3" fail="0">Critical Tests</stat>
<stat pass="3" fail="0">All Tests</stat>
</total>
<tag>
<stat pass="1" fail="0">mytag</stat>
</tag>
<suite>
<stat pass="3" fail="0" id="s1" name="FlightApplication">FlightApplication</stat>
</suite>
</statistics>
<errors>
</errors>
</robot>
